<?xml version="1.0" encoding="UTF-8"?>
<!-- Generated by org.testng.reporters.JUnitXMLReporter -->
<testsuite ignored="1" hostname="DESKTOP-2L70A79" failures="0" tests="13" name="Test" time="9.297" errors="0" timestamp="2024-08-28T16:01:42 IST">
  <testcase classname="testng.DependsOnMethodsTest" name="navigateToApp" time="4.82"/>
  <testcase classname="testng.DependsOnMethodsTest" name="loginToApp" time="4.393"/>
  <testcase classname="testng.PrioritizeTests" name="demo3" time="0.001"/>
  <testcase classname="testng.PrioritizeTests" name="demo5" time="0.002"/>
  <testcase classname="testng.PrioritizeTests" name="demo4" time="0.001"/>
  <testcase classname="testng.PrioritizeTests" name="demo6" time="0.004"/>
  <testcase classname="testng.PrioritizeTests" name="demo1" time="0.001"/>
  <testcase classname="testng.PrioritizeTests" name="demo2" time="0.0"/>
  <testcase classname="testng.InvocationCountTest" name="demo1" time="0.001"/>
  <testcase classname="testng.InvocationCountTest" name="demo1" time="0.001"/>
  <testcase classname="testng.InvocationCountTest" name="demo3" time="0.001"/>
  <testcase classname="testng.EnabledTest" name="demo2" time="0.003"/>
  <testcase classname="testng.SampleTest" name="test0" time="0.002"/>
  <testcase classname="testng.EnabledTest" name="demo3" time="0.0">
    <ignored/>
  </testcase> <!-- demo3 -->
</testsuite> <!-- Test -->
