<?xml version="1.0" encoding="UTF-8"?>
<!-- Generated by org.testng.reporters.JUnitXMLReporter -->
<testsuite ignored="0" hostname="DESKTOP-2L70A79" failures="1" tests="6" name="Test Runner 2" time="0.045" errors="0" timestamp="2024-08-28T16:13:54 IST">
  <testcase classname="distributedParallel.Test6" name="demo1" time="0.005"/>
  <testcase classname="distributedParallel.Test6" name="demo2" time="0.001"/>
  <testcase classname="distributedParallel.Test5" name="demo1" time="0.001"/>
  <testcase classname="distributedParallel.Test5" name="demo2" time="0.002">
    <failure type="java.lang.AssertionError" message="null">
      <![CDATA[java.lang.AssertionError: null
at distributedParallel.Test5.demo2(Test5.java:16)
at java.base/java.util.ArrayList.forEach(ArrayList.java:1511)
at java.base/java.util.concurrent.FutureTask.run(FutureTask.java:264)
at java.base/java.util.concurrent.ThreadPoolExecutor.runWorker(ThreadPoolExecutor.java:1136)
at java.base/java.util.concurrent.ThreadPoolExecutor$Worker.run(ThreadPoolExecutor.java:635)
at java.base/java.lang.Thread.run(Thread.java:833)
... Removed 20 stack frames]]>
    </failure>
  </testcase> <!-- demo2 -->
  <testcase classname="distributedParallel.Test4" name="demo1" time="0.001"/>
  <testcase classname="distributedParallel.Test4" name="demo2" time="0.0"/>
</testsuite> <!-- Test Runner 2 -->
