<?xml version="1.0" encoding="UTF-8"?>
<!-- Generated by org.testng.reporters.JUnitXMLReporter -->
<testsuite ignored="1" hostname="DESKTOP-2L70A79" failures="0" tests="1" name="Test Runner 2(failed)" time="0.029" errors="0" timestamp="2024-08-28T16:15:46 IST">
  <testcase classname="distributedParallel.Test5" name="demo2" time="0.006"/>
  <testcase classname="distributedParallel.Test5" name="demo1" time="0.0">
    <ignored/>
  </testcase> <!-- demo1 -->
</testsuite> <!-- Test Runner 2(failed) -->
