<?xml version="1.0" encoding="UTF-8"?>
<!-- Generated by org.testng.reporters.JUnitXMLReporter -->
<testsuite ignored="2" hostname="DESKTOP-2L70A79" failures="0" tests="2" name="Test Runner 1(failed)" time="0.03" errors="0" timestamp="2024-08-28T16:15:46 IST">
  <testcase classname="distributedParallel.Test3" name="demo1" time="0.006"/>
  <testcase classname="distributedParallel.Test1" name="demo1" time="0.001"/>
  <testcase classname="distributedParallel.Test3" name="demo2" time="0.0">
    <ignored/>
  </testcase> <!-- demo2 -->
  <testcase classname="distributedParallel.Test1" name="demo2" time="0.0">
    <ignored/>
  </testcase> <!-- demo2 -->
</testsuite> <!-- Test Runner 1(failed) -->
